<?xml version="1.0" encoding="UTF-8"?>
<!-- Generated by org.testng.reporters.JUnitXMLReporter -->
<testsuite ignored="4" hostname="GK" failures="0" tests="0" time="0.009" errors="0" timestamp="2023-03-29T20:17:11 IST">
  <testcase classname="maven1.m2" name="t2" time="0.0">
    <ignored/>
  </testcase> <!-- t2 -->
  <testcase classname="maven2.m3" name="t3" time="0.0">
    <ignored/>
  </testcase> <!-- t3 -->
  <testcase classname="maven1.m1" name="t1" time="0.0">
    <ignored/>
  </testcase> <!-- t1 -->
  <testcase classname="maven2.m4" name="t4" time="0.0">
    <ignored/>
  </testcase> <!-- t4 -->
</testsuite>
