<?xml version="1.0" encoding="UTF-8"?>
<testng-results ignored="0" total="1" passed="1" failed="0" skipped="0">
  <reporter-output>
  </reporter-output>
  <suite started-at="2023-04-07T09:53:57 IST" name="Default suite" finished-at="2023-04-07T09:54:04 IST" duration-ms="6592">
    <groups>
    </groups>
    <test started-at="2023-04-07T09:53:57 IST" name="Default test" finished-at="2023-04-07T09:54:04 IST" duration-ms="6592">
      <class name="maven1.m2">
        <test-method signature="t2()[pri:0, instance:maven1.m2@515c6049]" started-at="2023-04-07T09:53:57 IST" name="t2" finished-at="2023-04-07T09:54:04 IST" duration-ms="6555" status="PASS">
          <reporter-output>
          </reporter-output>
        </test-method> <!-- t2 -->
      </class> <!-- maven1.m2 -->
    </test> <!-- Default test -->
  </suite> <!-- Default suite -->
</testng-results>
